#
# There is insufficient memory for the Java Runtime Environment to continue.
# Native memory allocation (malloc) failed to allocate 2019616 bytes. Error detail: Chunk::new
# Possible reasons:
#   The system is out of physical RAM or swap space
#   This process is running with CompressedOops enabled, and the Java Heap may be blocking the growth of the native heap
# Possible solutions:
#   Reduce memory load on the system
#   Increase physical memory or swap space
#   Check if swap backing store is full
#   Decrease Java heap size (-Xmx/-Xms)
#   Decrease number of Java threads
#   Decrease Java thread stack sizes (-Xss)
#   Set larger code cache with -XX:ReservedCodeCacheSize=
#   JVM is running with Unscaled Compressed Oops mode in which the Java heap is
#     placed in the first 4GB address space. The Java Heap base address is the
#     maximum limit for the native heap growth. Please use -XX:HeapBaseMinAddress
#     to set the Java Heap base and to place the Java Heap above 4GB virtual address.
# This output file may be truncated or incomplete.
#
#  Out of Memory Error (arena.cpp:168), pid=11048, tid=16296
#
# JRE version: OpenJDK Runtime Environment (21.0.3) (build 21.0.3+-12282718-b509.11)
# Java VM: OpenJDK 64-Bit Server VM (21.0.3+-12282718-b509.11, mixed mode, tiered, compressed oops, compressed class ptrs, g1 gc, windows-amd64)
# No core dump will be written. Minidumps are not enabled by default on client versions of Windows
#

---------------  S U M M A R Y ------------

Command Line: --add-opens=java.base/java.util=ALL-UNNAMED --add-opens=java.base/java.lang=ALL-UNNAMED --add-opens=java.base/java.lang.invoke=ALL-UNNAMED --add-opens=java.prefs/java.util.prefs=ALL-UNNAMED --add-exports=jdk.compiler/com.sun.tools.javac.api=ALL-UNNAMED --add-exports=jdk.compiler/com.sun.tools.javac.util=ALL-UNNAMED --add-opens=java.base/java.nio.charset=ALL-UNNAMED --add-opens=java.base/java.net=ALL-UNNAMED --add-opens=java.base/java.util.concurrent.atomic=ALL-UNNAMED -Xmx2048m -Dfile.encoding=UTF-8 -Duser.country=RU -Duser.language=ru -Duser.variant -javaagent:C:\Users\User\.gradle\wrapper\dists\gradle-8.9-bin\90cnw93cvbtalezasaz0blq0a\gradle-8.9\lib\agents\gradle-instrumentation-agent-8.9.jar org.gradle.launcher.daemon.bootstrap.GradleDaemon 8.9

Host: 12th Gen Intel(R) Core(TM) i5-12450H, 12 cores, 15G,  Windows 11 , 64 bit Build 22621 (10.0.22621.4391)
Time: Tue Dec  3 09:27:36 2024  Windows 11 , 64 bit Build 22621 (10.0.22621.4391) elapsed time: 5.767438 seconds (0d 0h 0m 5s)

---------------  T H R E A D  ---------------

Current thread (0x00000174fe744090):  JavaThread "C2 CompilerThread0" daemon [_thread_in_native, id=16296, stack(0x000000307c200000,0x000000307c300000) (1024K)]


Current CompileTask:
C2:   5767 2804   !   4       java.net.URLClassLoader::findClass (47 bytes)

Stack: [0x000000307c200000,0x000000307c300000]
Native frames: (J=compiled Java code, j=interpreted, Vv=VM code, C=native code)
V  [jvm.dll+0x6cafb9]
V  [jvm.dll+0x858523]
V  [jvm.dll+0x85aa7e]
V  [jvm.dll+0x85b163]
V  [jvm.dll+0x27d356]
V  [jvm.dll+0xbf93d]
V  [jvm.dll+0xbfe73]
V  [jvm.dll+0x3b1ceb]
V  [jvm.dll+0x37e787]
V  [jvm.dll+0x37dbfa]
V  [jvm.dll+0x246b02]
V  [jvm.dll+0x2460d1]
V  [jvm.dll+0x1c5804]
V  [jvm.dll+0x25575c]
V  [jvm.dll+0x253c36]
V  [jvm.dll+0x3ec996]
V  [jvm.dll+0x800d78]
V  [jvm.dll+0x6c98cd]
C  [ucrtbase.dll+0x29333]
C  [KERNEL32.DLL+0x1259d]
C  [ntdll.dll+0x5af38]


---------------  P R O C E S S  ---------------

Threads class SMR info:
_java_thread_list=0x00000174954fabf0, length=26, elements={
0x00000174f371fee0, 0x00000174fe756600, 0x00000174fe736d10, 0x00000174fe759ba0,
0x00000174fe75a600, 0x00000174fe75b060, 0x00000174fe76cf70, 0x00000174fe744090,
0x00000174fe7449a0, 0x00000174fe844ff0, 0x00000174fe8442d0, 0x00000174fe845680,
0x00000174fe844960, 0x00000174fe8463a0, 0x00000174fe843c40, 0x00000174fe8470c0,
0x000001749436c3e0, 0x000001749436b6c0, 0x000001749436bd50, 0x0000017494367520,
0x000001749436ca70, 0x0000017494369c80, 0x000001749436d100, 0x0000017494366800,
0x0000017494eb7c00, 0x00000174f36f8f30
}

Java Threads: ( => current thread )
  0x00000174f371fee0 JavaThread "main"                              [_thread_blocked, id=20136, stack(0x000000307b400000,0x000000307b500000) (1024K)]
  0x00000174fe756600 JavaThread "Reference Handler"          daemon [_thread_blocked, id=10552, stack(0x000000307bc00000,0x000000307bd00000) (1024K)]
  0x00000174fe736d10 JavaThread "Finalizer"                  daemon [_thread_blocked, id=7020, stack(0x000000307bd00000,0x000000307be00000) (1024K)]
  0x00000174fe759ba0 JavaThread "Signal Dispatcher"          daemon [_thread_blocked, id=13600, stack(0x000000307be00000,0x000000307bf00000) (1024K)]
  0x00000174fe75a600 JavaThread "Attach Listener"            daemon [_thread_blocked, id=21672, stack(0x000000307bf00000,0x000000307c000000) (1024K)]
  0x00000174fe75b060 JavaThread "Service Thread"             daemon [_thread_blocked, id=14224, stack(0x000000307c000000,0x000000307c100000) (1024K)]
  0x00000174fe76cf70 JavaThread "Monitor Deflation Thread"   daemon [_thread_blocked, id=21992, stack(0x000000307c100000,0x000000307c200000) (1024K)]
=>0x00000174fe744090 JavaThread "C2 CompilerThread0"         daemon [_thread_in_native, id=16296, stack(0x000000307c200000,0x000000307c300000) (1024K)]
  0x00000174fe7449a0 JavaThread "C1 CompilerThread0"         daemon [_thread_blocked, id=8140, stack(0x000000307c300000,0x000000307c400000) (1024K)]
  0x00000174fe844ff0 JavaThread "Common-Cleaner"             daemon [_thread_blocked, id=23164, stack(0x000000307c400000,0x000000307c500000) (1024K)]
  0x00000174fe8442d0 JavaThread "Notification Thread"        daemon [_thread_blocked, id=25428, stack(0x000000307c500000,0x000000307c600000) (1024K)]
  0x00000174fe845680 JavaThread "Daemon health stats"               [_thread_blocked, id=3228, stack(0x000000307cc00000,0x000000307cd00000) (1024K)]
  0x00000174fe844960 JavaThread "Incoming local TCP Connector on port 54817"        [_thread_in_native, id=24672, stack(0x000000307cd00000,0x000000307ce00000) (1024K)]
  0x00000174fe8463a0 JavaThread "Daemon periodic checks"            [_thread_blocked, id=17744, stack(0x000000307ce00000,0x000000307cf00000) (1024K)]
  0x00000174fe843c40 JavaThread "Daemon"                            [_thread_blocked, id=11452, stack(0x000000307cf00000,0x000000307d000000) (1024K)]
  0x00000174fe8470c0 JavaThread "Handler for socket connection from /127.0.0.1:54817 to /127.0.0.1:54818"        [_thread_in_native, id=24288, stack(0x000000307d000000,0x000000307d100000) (1024K)]
  0x000001749436c3e0 JavaThread "Cancel handler"                    [_thread_blocked, id=16392, stack(0x000000307d100000,0x000000307d200000) (1024K)]
  0x000001749436b6c0 JavaThread "Daemon worker"                     [_thread_in_vm, id=24592, stack(0x000000307d200000,0x000000307d300000) (1024K)]
  0x000001749436bd50 JavaThread "Asynchronous log dispatcher for DefaultDaemonConnection: socket connection from /127.0.0.1:54817 to /127.0.0.1:54818"        [_thread_blocked, id=10088, stack(0x000000307d300000,0x000000307d400000) (1024K)]
  0x0000017494367520 JavaThread "Stdin handler"                     [_thread_blocked, id=19104, stack(0x000000307cb00000,0x000000307cc00000) (1024K)]
  0x000001749436ca70 JavaThread "Daemon client event forwarder"        [_thread_blocked, id=12044, stack(0x000000307d400000,0x000000307d500000) (1024K)]
  0x0000017494369c80 JavaThread "Cache worker for journal cache (C:\Users\User\.gradle\caches\journal-1)"        [_thread_blocked, id=12940, stack(0x000000307db00000,0x000000307dc00000) (1024K)]
  0x000001749436d100 JavaThread "File lock request listener"        [_thread_in_native, id=14216, stack(0x000000307dc00000,0x000000307dd00000) (1024K)]
  0x0000017494366800 JavaThread "Cache worker for file hash cache (C:\Users\User\.gradle\caches\8.9\fileHashes)"        [_thread_blocked, id=21744, stack(0x000000307dd00000,0x000000307de00000) (1024K)]
  0x0000017494eb7c00 JavaThread "C2 CompilerThread1"         daemon [_thread_in_native, id=15492, stack(0x000000307de00000,0x000000307df00000) (1024K)]
  0x00000174f36f8f30 JavaThread "C2 CompilerThread2"         daemon [_thread_in_native, id=11332, stack(0x000000307df00000,0x000000307e000000) (1024K)]
Total: 26

Other Threads:
  0x00000174f36f9fc0 VMThread "VM Thread"                           [id=11536, stack(0x000000307bb00000,0x000000307bc00000) (1024K)]
  0x00000174fe51cd70 WatcherThread "VM Periodic Task Thread"        [id=23920, stack(0x000000307ba00000,0x000000307bb00000) (1024K)]
  0x00000174f36fa700 WorkerThread "GC Thread#0"                     [id=20848, stack(0x000000307b500000,0x000000307b600000) (1024K)]
  0x00000174f36fa360 WorkerThread "GC Thread#1"                     [id=10536, stack(0x000000307c600000,0x000000307c700000) (1024K)]
  0x00000174f36fb580 WorkerThread "GC Thread#2"                     [id=12568, stack(0x000000307c700000,0x000000307c800000) (1024K)]
  0x00000174f36fb920 WorkerThread "GC Thread#3"                     [id=25340, stack(0x000000307c800000,0x000000307c900000) (1024K)]
  0x00000174feff3540 WorkerThread "GC Thread#4"                     [id=10760, stack(0x000000307c900000,0x000000307ca00000) (1024K)]
  0x00000174feff5d20 WorkerThread "GC Thread#5"                     [id=18196, stack(0x000000307ca00000,0x000000307cb00000) (1024K)]
  0x00000174feff4b00 WorkerThread "GC Thread#6"                     [id=21148, stack(0x000000307d500000,0x000000307d600000) (1024K)]
  0x00000174feff2a60 WorkerThread "GC Thread#7"                     [id=22968, stack(0x000000307d600000,0x000000307d700000) (1024K)]
  0x00000174feff2e00 WorkerThread "GC Thread#8"                     [id=19412, stack(0x000000307d700000,0x000000307d800000) (1024K)]
  0x00000174feff5980 WorkerThread "GC Thread#9"                     [id=20544, stack(0x000000307d800000,0x000000307d900000) (1024K)]
  0x00000174f5a56cb0 ConcurrentGCThread "G1 Main Marker"            [id=8076, stack(0x000000307b600000,0x000000307b700000) (1024K)]
  0x00000174f36fae40 WorkerThread "G1 Conc#0"                       [id=24724, stack(0x000000307b700000,0x000000307b800000) (1024K)]
  0x00000174feff43c0 WorkerThread "G1 Conc#1"                       [id=24760, stack(0x000000307d900000,0x000000307da00000) (1024K)]
  0x00000174feff31a0 WorkerThread "G1 Conc#2"                       [id=18968, stack(0x000000307da00000,0x000000307db00000) (1024K)]
  0x00000174f5a9eb20 ConcurrentGCThread "G1 Refine#0"               [id=11940, stack(0x000000307b800000,0x000000307b900000) (1024K)]
  0x00000174fe3f1dc0 ConcurrentGCThread "G1 Service"                [id=21624, stack(0x000000307b900000,0x000000307ba00000) (1024K)]
Total: 18

Threads with active compile tasks:
C2 CompilerThread0     5787 2804   !   4       java.net.URLClassLoader::findClass (47 bytes)
C2 CompilerThread1     5787 2805       4       java.net.URLClassLoader$1::run (5 bytes)
C2 CompilerThread2     5787 2827       4       jdk.internal.org.objectweb.asm.SymbolTable::addConstantMemberReference (147 bytes)
Total: 3

VM state: not at safepoint (normal execution)

VM Mutex/Monitor currently owned by a thread: None

Heap address: 0x0000000080000000, size: 2048 MB, Compressed Oops mode: 32-bit

CDS archive(s) not mapped
Compressed class space mapped at: 0x0000000100000000-0x0000000140000000, reserved size: 1073741824
Narrow klass base: 0x0000000000000000, Narrow klass shift: 3, Narrow klass range: 0x140000000

GC Precious Log:
 CardTable entry size: 512
 Card Set container configuration: InlinePtr #cards 5 size 8 Array Of Cards #cards 12 size 40 Howl #buckets 4 coarsen threshold 1843 Howl Bitmap #cards 512 size 80 coarsen threshold 460 Card regions per heap region 1 cards per card region 2048
 CPUs: 12 total, 12 available
 Memory: 16052M
 Large Page Support: Disabled
 NUMA Support: Disabled
 Compressed Oops: Enabled (32-bit)
 Heap Region Size: 1M
 Heap Min Capacity: 8M
 Heap Initial Capacity: 252M
 Heap Max Capacity: 2G
 Pre-touch: Disabled
 Parallel Workers: 10
 Concurrent Workers: 3
 Concurrent Refinement Workers: 10
 Periodic GC: Disabled

Heap:
 garbage-first heap   total 81920K, used 64817K [0x0000000080000000, 0x0000000100000000)
  region size 1024K, 55 young (56320K), 10 survivors (10240K)
 Metaspace       used 28739K, committed 29312K, reserved 1114112K
  class space    used 3665K, committed 3904K, reserved 1048576K

Heap Regions: E=young(eden), S=young(survivor), O=old, HS=humongous(starts), HC=humongous(continues), CS=collection set, F=free, TAMS=top-at-mark-start, PB=parsable bottom
|   0|0x0000000080000000, 0x0000000080100000, 0x0000000080100000|100%|HS|  |TAMS 0x0000000080000000| PB 0x0000000080000000| Complete 
|   1|0x0000000080100000, 0x0000000080200000, 0x0000000080200000|100%|HC|  |TAMS 0x0000000080100000| PB 0x0000000080100000| Complete 
|   2|0x0000000080200000, 0x0000000080300000, 0x0000000080300000|100%|HC|  |TAMS 0x0000000080200000| PB 0x0000000080200000| Complete 
|   3|0x0000000080300000, 0x0000000080400000, 0x0000000080400000|100%|HC|  |TAMS 0x0000000080300000| PB 0x0000000080300000| Complete 
|   4|0x0000000080400000, 0x0000000080500000, 0x0000000080500000|100%| O|  |TAMS 0x0000000080400000| PB 0x0000000080400000| Untracked 
|   5|0x0000000080500000, 0x0000000080600000, 0x0000000080600000|100%| O|  |TAMS 0x0000000080500000| PB 0x0000000080500000| Untracked 
|   6|0x0000000080600000, 0x0000000080700000, 0x0000000080700000|100%| O|  |TAMS 0x0000000080600000| PB 0x0000000080600000| Untracked 
|   7|0x0000000080700000, 0x0000000080800000, 0x0000000080800000|100%| O|  |TAMS 0x0000000080700000| PB 0x0000000080700000| Untracked 
|   8|0x0000000080800000, 0x0000000080900000, 0x0000000080900000|100%| O|  |TAMS 0x0000000080800000| PB 0x0000000080800000| Untracked 
|   9|0x0000000080900000, 0x0000000080a00000, 0x0000000080a00000|100%| O|  |TAMS 0x0000000080900000| PB 0x0000000080900000| Untracked 
|  10|0x0000000080a00000, 0x0000000080a14ec8, 0x0000000080b00000|  8%| O|Cm|TAMS 0x0000000080a00000| PB 0x0000000080a00000| Complete 
|  11|0x0000000080b00000, 0x0000000080c00000, 0x0000000080c00000|100%|HS|  |TAMS 0x0000000080b00000| PB 0x0000000080b00000| Complete 
|  12|0x0000000080c00000, 0x0000000080c00000, 0x0000000080d00000|  0%| F|  |TAMS 0x0000000080c00000| PB 0x0000000080c00000| Untracked 
|  13|0x0000000080d00000, 0x0000000080d00000, 0x0000000080e00000|  0%| F|  |TAMS 0x0000000080d00000| PB 0x0000000080d00000| Untracked 
|  14|0x0000000080e00000, 0x0000000080e00000, 0x0000000080f00000|  0%| F|  |TAMS 0x0000000080e00000| PB 0x0000000080e00000| Untracked 
|  15|0x0000000080f00000, 0x0000000080f00000, 0x0000000081000000|  0%| F|  |TAMS 0x0000000080f00000| PB 0x0000000080f00000| Untracked 
|  16|0x0000000081000000, 0x0000000081000000, 0x0000000081100000|  0%| F|  |TAMS 0x0000000081000000| PB 0x0000000081000000| Untracked 
|  17|0x0000000081100000, 0x0000000081100000, 0x0000000081200000|  0%| F|  |TAMS 0x0000000081100000| PB 0x0000000081100000| Untracked 
|  18|0x0000000081200000, 0x0000000081200000, 0x0000000081300000|  0%| F|  |TAMS 0x0000000081200000| PB 0x0000000081200000| Untracked 
|  19|0x0000000081300000, 0x0000000081300000, 0x0000000081400000|  0%| F|  |TAMS 0x0000000081300000| PB 0x0000000081300000| Untracked 
|  20|0x0000000081400000, 0x0000000081400000, 0x0000000081500000|  0%| F|  |TAMS 0x0000000081400000| PB 0x0000000081400000| Untracked 
|  21|0x0000000081500000, 0x0000000081500000, 0x0000000081600000|  0%| F|  |TAMS 0x0000000081500000| PB 0x0000000081500000| Untracked 
|  22|0x0000000081600000, 0x0000000081600000, 0x0000000081700000|  0%| F|  |TAMS 0x0000000081600000| PB 0x0000000081600000| Untracked 
|  23|0x0000000081700000, 0x0000000081700000, 0x0000000081800000|  0%| F|  |TAMS 0x0000000081700000| PB 0x0000000081700000| Untracked 
|  24|0x0000000081800000, 0x00000000818f93c0, 0x0000000081900000| 97%| E|  |TAMS 0x0000000081800000| PB 0x0000000081800000| Complete 
|  25|0x0000000081900000, 0x0000000081a00000, 0x0000000081a00000|100%| E|CS|TAMS 0x0000000081900000| PB 0x0000000081900000| Complete 
|  26|0x0000000081a00000, 0x0000000081b00000, 0x0000000081b00000|100%| E|CS|TAMS 0x0000000081a00000| PB 0x0000000081a00000| Complete 
|  27|0x0000000081b00000, 0x0000000081c00000, 0x0000000081c00000|100%| E|CS|TAMS 0x0000000081b00000| PB 0x0000000081b00000| Complete 
|  28|0x0000000081c00000, 0x0000000081d00000, 0x0000000081d00000|100%| E|CS|TAMS 0x0000000081c00000| PB 0x0000000081c00000| Complete 
|  29|0x0000000081d00000, 0x0000000081e00000, 0x0000000081e00000|100%| E|CS|TAMS 0x0000000081d00000| PB 0x0000000081d00000| Complete 
|  30|0x0000000081e00000, 0x0000000081f00000, 0x0000000081f00000|100%| E|CS|TAMS 0x0000000081e00000| PB 0x0000000081e00000| Complete 
|  31|0x0000000081f00000, 0x0000000082000000, 0x0000000082000000|100%| E|CS|TAMS 0x0000000081f00000| PB 0x0000000081f00000| Complete 
|  32|0x0000000082000000, 0x0000000082100000, 0x0000000082100000|100%| E|CS|TAMS 0x0000000082000000| PB 0x0000000082000000| Complete 
|  33|0x0000000082100000, 0x0000000082200000, 0x0000000082200000|100%| E|CS|TAMS 0x0000000082100000| PB 0x0000000082100000| Complete 
|  34|0x0000000082200000, 0x0000000082300000, 0x0000000082300000|100%| E|CS|TAMS 0x0000000082200000| PB 0x0000000082200000| Complete 
|  35|0x0000000082300000, 0x0000000082400000, 0x0000000082400000|100%| E|CS|TAMS 0x0000000082300000| PB 0x0000000082300000| Complete 
|  36|0x0000000082400000, 0x0000000082500000, 0x0000000082500000|100%| E|CS|TAMS 0x0000000082400000| PB 0x0000000082400000| Complete 
|  37|0x0000000082500000, 0x0000000082600000, 0x0000000082600000|100%| E|CS|TAMS 0x0000000082500000| PB 0x0000000082500000| Complete 
|  38|0x0000000082600000, 0x0000000082700000, 0x0000000082700000|100%| E|CS|TAMS 0x0000000082600000| PB 0x0000000082600000| Complete 
|  39|0x0000000082700000, 0x0000000082800000, 0x0000000082800000|100%| E|CS|TAMS 0x0000000082700000| PB 0x0000000082700000| Complete 
|  40|0x0000000082800000, 0x0000000082900000, 0x0000000082900000|100%| E|CS|TAMS 0x0000000082800000| PB 0x0000000082800000| Complete 
|  41|0x0000000082900000, 0x0000000082a00000, 0x0000000082a00000|100%| E|CS|TAMS 0x0000000082900000| PB 0x0000000082900000| Complete 
|  42|0x0000000082a00000, 0x0000000082b00000, 0x0000000082b00000|100%| E|CS|TAMS 0x0000000082a00000| PB 0x0000000082a00000| Complete 
|  43|0x0000000082b00000, 0x0000000082c00000, 0x0000000082c00000|100%| E|CS|TAMS 0x0000000082b00000| PB 0x0000000082b00000| Complete 
|  44|0x0000000082c00000, 0x0000000082d00000, 0x0000000082d00000|100%| E|CS|TAMS 0x0000000082c00000| PB 0x0000000082c00000| Complete 
|  45|0x0000000082d00000, 0x0000000082e00000, 0x0000000082e00000|100%| E|CS|TAMS 0x0000000082d00000| PB 0x0000000082d00000| Complete 
|  46|0x0000000082e00000, 0x0000000082f00000, 0x0000000082f00000|100%| E|CS|TAMS 0x0000000082e00000| PB 0x0000000082e00000| Complete 
|  47|0x0000000082f00000, 0x0000000083000000, 0x0000000083000000|100%| E|CS|TAMS 0x0000000082f00000| PB 0x0000000082f00000| Complete 
|  48|0x0000000083000000, 0x0000000083100000, 0x0000000083100000|100%| E|CS|TAMS 0x0000000083000000| PB 0x0000000083000000| Complete 
|  49|0x0000000083100000, 0x0000000083200000, 0x0000000083200000|100%| E|CS|TAMS 0x0000000083100000| PB 0x0000000083100000| Complete 
|  50|0x0000000083200000, 0x0000000083300000, 0x0000000083300000|100%| E|CS|TAMS 0x0000000083200000| PB 0x0000000083200000| Complete 
|  51|0x0000000083300000, 0x0000000083400000, 0x0000000083400000|100%| E|CS|TAMS 0x0000000083300000| PB 0x0000000083300000| Complete 
|  52|0x0000000083400000, 0x0000000083500000, 0x0000000083500000|100%| E|CS|TAMS 0x0000000083400000| PB 0x0000000083400000| Complete 
|  53|0x0000000083500000, 0x0000000083600000, 0x0000000083600000|100%| E|CS|TAMS 0x0000000083500000| PB 0x0000000083500000| Complete 
|  54|0x0000000083600000, 0x0000000083700000, 0x0000000083700000|100%| E|CS|TAMS 0x0000000083600000| PB 0x0000000083600000| Complete 
|  55|0x0000000083700000, 0x0000000083800000, 0x0000000083800000|100%| E|CS|TAMS 0x0000000083700000| PB 0x0000000083700000| Complete 
|  56|0x0000000083800000, 0x0000000083900000, 0x0000000083900000|100%| E|CS|TAMS 0x0000000083800000| PB 0x0000000083800000| Complete 
|  57|0x0000000083900000, 0x0000000083a00000, 0x0000000083a00000|100%| E|CS|TAMS 0x0000000083900000| PB 0x0000000083900000| Complete 
|  58|0x0000000083a00000, 0x0000000083b00000, 0x0000000083b00000|100%| E|CS|TAMS 0x0000000083a00000| PB 0x0000000083a00000| Complete 
|  59|0x0000000083b00000, 0x0000000083c00000, 0x0000000083c00000|100%| E|CS|TAMS 0x0000000083b00000| PB 0x0000000083b00000| Complete 
|  60|0x0000000083c00000, 0x0000000083d00000, 0x0000000083d00000|100%| E|CS|TAMS 0x0000000083c00000| PB 0x0000000083c00000| Complete 
|  61|0x0000000083d00000, 0x0000000083e00000, 0x0000000083e00000|100%| E|CS|TAMS 0x0000000083d00000| PB 0x0000000083d00000| Complete 
|  62|0x0000000083e00000, 0x0000000083f00000, 0x0000000083f00000|100%| E|CS|TAMS 0x0000000083e00000| PB 0x0000000083e00000| Complete 
|  63|0x0000000083f00000, 0x0000000084000000, 0x0000000084000000|100%| E|  |TAMS 0x0000000083f00000| PB 0x0000000083f00000| Complete 
|  64|0x0000000084000000, 0x0000000084100000, 0x0000000084100000|100%| E|CS|TAMS 0x0000000084000000| PB 0x0000000084000000| Complete 
|  65|0x0000000084100000, 0x0000000084200000, 0x0000000084200000|100%| E|CS|TAMS 0x0000000084100000| PB 0x0000000084100000| Complete 
|  66|0x0000000084200000, 0x0000000084300000, 0x0000000084300000|100%| E|CS|TAMS 0x0000000084200000| PB 0x0000000084200000| Complete 
|  67|0x0000000084300000, 0x0000000084400000, 0x0000000084400000|100%| E|CS|TAMS 0x0000000084300000| PB 0x0000000084300000| Complete 
| 175|0x000000008af00000, 0x000000008af375c0, 0x000000008b000000| 21%| S|CS|TAMS 0x000000008af00000| PB 0x000000008af00000| Complete 
| 176|0x000000008b000000, 0x000000008b100000, 0x000000008b100000|100%| S|CS|TAMS 0x000000008b000000| PB 0x000000008b000000| Complete 
| 177|0x000000008b100000, 0x000000008b200000, 0x000000008b200000|100%| S|CS|TAMS 0x000000008b100000| PB 0x000000008b100000| Complete 
| 178|0x000000008b200000, 0x000000008b300000, 0x000000008b300000|100%| S|CS|TAMS 0x000000008b200000| PB 0x000000008b200000| Complete 
| 179|0x000000008b300000, 0x000000008b400000, 0x000000008b400000|100%| S|CS|TAMS 0x000000008b300000| PB 0x000000008b300000| Complete 
| 180|0x000000008b400000, 0x000000008b500000, 0x000000008b500000|100%| S|CS|TAMS 0x000000008b400000| PB 0x000000008b400000| Complete 
| 181|0x000000008b500000, 0x000000008b600000, 0x000000008b600000|100%| S|CS|TAMS 0x000000008b500000| PB 0x000000008b500000| Complete 
| 182|0x000000008b600000, 0x000000008b700000, 0x000000008b700000|100%| S|CS|TAMS 0x000000008b600000| PB 0x000000008b600000| Complete 
| 183|0x000000008b700000, 0x000000008b800000, 0x000000008b800000|100%| S|CS|TAMS 0x000000008b700000| PB 0x000000008b700000| Complete 
| 184|0x000000008b800000, 0x000000008b900000, 0x000000008b900000|100%| S|CS|TAMS 0x000000008b800000| PB 0x000000008b800000| Complete 
| 250|0x000000008fa00000, 0x000000008fb00000, 0x000000008fb00000|100%| E|CS|TAMS 0x000000008fa00000| PB 0x000000008fa00000| Complete 
| 251|0x000000008fb00000, 0x000000008fc00000, 0x000000008fc00000|100%| E|CS|TAMS 0x000000008fb00000| PB 0x000000008fb00000| Complete 

Card table byte_map: [0x00000174f9480000,0x00000174f9880000] _byte_map_base: 0x00000174f9080000

Marking Bits: (CMBitMap*) 0x00000174f5a46260
 Bits: [0x00000174f9880000, 0x00000174fb880000)

Polling page: 0x00000174f3940000

Metaspace:

Usage:
  Non-class:     24.63 MB used.
      Class:      3.61 MB used.
       Both:     28.24 MB used.

Virtual space:
  Non-class space:       64.00 MB reserved,      24.94 MB ( 39%) committed,  1 nodes.
      Class space:        1.00 GB reserved,       3.88 MB ( <1%) committed,  1 nodes.
             Both:        1.06 GB reserved,      28.81 MB (  3%) committed. 

Chunk freelists:
   Non-Class:  6.77 MB
       Class:  12.16 MB
        Both:  18.92 MB

MaxMetaspaceSize: unlimited
CompressedClassSpaceSize: 1.00 GB
Initial GC threshold: 21.00 MB
Current GC threshold: 35.12 MB
CDS: off
 - commit_granule_bytes: 65536.
 - commit_granule_words: 8192.
 - virtual_space_node_default_size: 8388608.
 - enlarge_chunks_in_place: 1.
 - use_allocation_guard: 0.


Internal statistics:

num_allocs_failed_limit: 5.
num_arena_births: 790.
num_arena_deaths: 0.
num_vsnodes_births: 2.
num_vsnodes_deaths: 0.
num_space_committed: 461.
num_space_uncommitted: 0.
num_chunks_returned_to_freelist: 5.
num_chunks_taken_from_freelist: 1524.
num_chunk_merges: 5.
num_chunk_splits: 1002.
num_chunks_enlarged: 682.
num_inconsistent_stats: 0.

CodeHeap 'non-profiled nmethods': size=120000Kb used=1387Kb max_used=1387Kb free=118612Kb
 bounds [0x0000017487ad0000, 0x0000017487d40000, 0x000001748f000000]
CodeHeap 'profiled nmethods': size=120000Kb used=5790Kb max_used=5790Kb free=114209Kb
 bounds [0x0000017480000000, 0x00000174805b0000, 0x0000017487530000]
CodeHeap 'non-nmethods': size=5760Kb used=1472Kb max_used=1530Kb free=4287Kb
 bounds [0x0000017487530000, 0x00000174877a0000, 0x0000017487ad0000]
 total_blobs=3424 nmethods=2852 adapters=476
 compilation: enabled
              stopped_count=0, restarted_count=0
 full_count=0

Compilation events (20 events):
Event: 5.724 Thread 0x00000174fe7449a0 2839       3       java.lang.invoke.LambdaFormEditor::buffer (12 bytes)
Event: 5.724 Thread 0x00000174fe7449a0 nmethod 2839 0x0000017480599010 code [0x00000174805991c0, 0x0000017480599370]
Event: 5.724 Thread 0x00000174fe7449a0 2841       3       java.lang.invoke.LambdaForm::create (14 bytes)
Event: 5.724 Thread 0x00000174fe7449a0 nmethod 2841 0x0000017480599410 code [0x00000174805995c0, 0x00000174805996f0]
Event: 5.737 Thread 0x00000174fe7449a0 2842       3       jdk.internal.org.objectweb.asm.Frame::addInitializedType (77 bytes)
Event: 5.737 Thread 0x00000174fe7449a0 nmethod 2842 0x0000017480599790 code [0x0000017480599960, 0x0000017480599e68]
Event: 5.739 Thread 0x00000174fe7449a0 2844       3       java.lang.invoke.LambdaFormEditor::newSpeciesData (9 bytes)
Event: 5.739 Thread 0x00000174fe7449a0 nmethod 2844 0x000001748059a010 code [0x000001748059a1e0, 0x000001748059a3c8]
Event: 5.743 Thread 0x00000174fe7449a0 2845       3       java.util.ImmutableCollections$Set12::<init> (53 bytes)
Event: 5.744 Thread 0x00000174fe7449a0 nmethod 2845 0x000001748059a510 code [0x000001748059a7c0, 0x000001748059b3f0]
Event: 5.744 Thread 0x00000174fe7449a0 2846       3       java.util.HashMap::newHashMap (44 bytes)
Event: 5.744 Thread 0x00000174fe7449a0 nmethod 2846 0x000001748059b890 code [0x000001748059bb20, 0x000001748059c300]
Event: 5.744 Thread 0x00000174fe7449a0 2847       3       java.util.Collections$1::next (25 bytes)
Event: 5.745 Thread 0x00000174fe7449a0 nmethod 2847 0x000001748059c690 code [0x000001748059c840, 0x000001748059ca60]
Event: 5.752 Thread 0x00000174fe7449a0 2848       3       java.lang.invoke.InvokerBytecodeGenerator::emitIconstInsn (75 bytes)
Event: 5.752 Thread 0x00000174fe7449a0 nmethod 2848 0x000001748059cb90 code [0x000001748059cdc0, 0x000001748059d630]
Event: 5.753 Thread 0x00000174fe7449a0 2849       3       java.lang.invoke.InvokerBytecodeGenerator::emitConst (333 bytes)
Event: 5.754 Thread 0x00000174fe7449a0 nmethod 2849 0x000001748059d890 code [0x000001748059dcc0, 0x000001748059fe98]
Event: 5.754 Thread 0x00000174fe7449a0 2850       3       sun.invoke.util.Wrapper::findWrapperType (102 bytes)
Event: 5.754 Thread 0x00000174fe7449a0 nmethod 2850 0x00000174805a0490 code [0x00000174805a06c0, 0x00000174805a0c30]

GC Heap History (6 events):
Event: 0.995 GC heap before
{Heap before GC invocations=0 (full 0):
 garbage-first heap   total 258048K, used 26624K [0x0000000080000000, 0x0000000100000000)
  region size 1024K, 23 young (23552K), 0 survivors (0K)
 Metaspace       used 8159K, committed 8320K, reserved 1114112K
  class space    used 742K, committed 832K, reserved 1048576K
}
Event: 0.997 GC heap after
{Heap after GC invocations=1 (full 0):
 garbage-first heap   total 258048K, used 10194K [0x0000000080000000, 0x0000000100000000)
  region size 1024K, 3 young (3072K), 3 survivors (3072K)
 Metaspace       used 8159K, committed 8320K, reserved 1114112K
  class space    used 742K, committed 832K, reserved 1048576K
}
Event: 2.111 GC heap before
{Heap before GC invocations=1 (full 0):
 garbage-first heap   total 258048K, used 39890K [0x0000000080000000, 0x0000000100000000)
  region size 1024K, 33 young (33792K), 3 survivors (3072K)
 Metaspace       used 12057K, committed 12288K, reserved 1114112K
  class space    used 1283K, committed 1408K, reserved 1048576K
}
Event: 2.113 GC heap after
{Heap after GC invocations=2 (full 0):
 garbage-first heap   total 258048K, used 11934K [0x0000000080000000, 0x0000000100000000)
  region size 1024K, 2 young (2048K), 2 survivors (2048K)
 Metaspace       used 12057K, committed 12288K, reserved 1114112K
  class space    used 1283K, committed 1408K, reserved 1048576K
}
Event: 4.607 GC heap before
{Heap before GC invocations=2 (full 0):
 garbage-first heap   total 258048K, used 79518K [0x0000000080000000, 0x0000000100000000)
  region size 1024K, 67 young (68608K), 2 survivors (2048K)
 Metaspace       used 21224K, committed 21504K, reserved 1114112K
  class space    used 2462K, committed 2624K, reserved 1048576K
}
Event: 4.612 GC heap after
{Heap after GC invocations=3 (full 0):
 garbage-first heap   total 258048K, used 20785K [0x0000000080000000, 0x0000000100000000)
  region size 1024K, 10 young (10240K), 10 survivors (10240K)
 Metaspace       used 21224K, committed 21504K, reserved 1114112K
  class space    used 2462K, committed 2624K, reserved 1048576K
}

Dll operation events (3 events):
Event: 0.019 Loaded shared library C:\Program Files\Android\Android Studio\jbr\bin\java.dll
Event: 0.023 Loaded shared library C:\Program Files\Android\Android Studio\jbr\bin\zip.dll
Event: 0.981 Loaded shared library C:\Program Files\Android\Android Studio\jbr\bin\verify.dll

Deoptimization events (20 events):
Event: 5.174 Thread 0x000001749436b6c0 DEOPT PACKING pc=0x0000017487aef0f0 sp=0x000000307d2faf40
Event: 5.174 Thread 0x000001749436b6c0 DEOPT UNPACKING pc=0x00000174875846a2 sp=0x000000307d2faed0 mode 2
Event: 5.255 Thread 0x000001749436b6c0 Uncommon trap: trap_request=0xffffff45 fr.pc=0x0000017487af2630 relative=0x0000000000000d30
Event: 5.255 Thread 0x000001749436b6c0 Uncommon trap: reason=unstable_if action=reinterpret pc=0x0000017487af2630 method=java.io.WinNTFileSystem.resolve(Ljava/lang/String;Ljava/lang/String;)Ljava/lang/String; @ 19 c2
Event: 5.255 Thread 0x000001749436b6c0 DEOPT PACKING pc=0x0000017487af2630 sp=0x000000307d2fbd60
Event: 5.255 Thread 0x000001749436b6c0 DEOPT UNPACKING pc=0x00000174875846a2 sp=0x000000307d2fbcf8 mode 2
Event: 5.257 Thread 0x000001749436b6c0 Uncommon trap: trap_request=0xffffff45 fr.pc=0x0000017487b59c90 relative=0x0000000000000630
Event: 5.257 Thread 0x000001749436b6c0 Uncommon trap: reason=unstable_if action=reinterpret pc=0x0000017487b59c90 method=java.io.File.getName()Ljava/lang/String; @ 16 c2
Event: 5.257 Thread 0x000001749436b6c0 DEOPT PACKING pc=0x0000017487b59c90 sp=0x000000307d2fbd20
Event: 5.257 Thread 0x000001749436b6c0 DEOPT UNPACKING pc=0x00000174875846a2 sp=0x000000307d2fbcf0 mode 2
Event: 5.355 Thread 0x000001749436b6c0 Uncommon trap: trap_request=0xffffff45 fr.pc=0x0000017487af6d10 relative=0x00000000000000f0
Event: 5.355 Thread 0x000001749436b6c0 Uncommon trap: reason=unstable_if action=reinterpret pc=0x0000017487af6d10 method=java.util.HashMap.hash(Ljava/lang/Object;)I @ 1 c2
Event: 5.355 Thread 0x000001749436b6c0 DEOPT PACKING pc=0x0000017487af6d10 sp=0x000000307d2fcb40
Event: 5.355 Thread 0x000001749436b6c0 DEOPT UNPACKING pc=0x00000174875846a2 sp=0x000000307d2fca80 mode 2
Event: 5.518 Thread 0x000001749436b6c0 Uncommon trap: trap_request=0xffffffcc fr.pc=0x0000017487c0a9fc relative=0x000000000000033c
Event: 5.518 Thread 0x000001749436b6c0 Uncommon trap: reason=intrinsic_or_type_checked_inlining action=make_not_entrant pc=0x0000017487c0a9fc method=java.util.Arrays.copyOf([Ljava/lang/Object;ILjava/lang/Class;)[Ljava/lang/Object; @ 35 c2
Event: 5.518 Thread 0x000001749436b6c0 DEOPT PACKING pc=0x0000017487c0a9fc sp=0x000000307d2fd070
Event: 5.518 Thread 0x000001749436b6c0 DEOPT UNPACKING pc=0x00000174875846a2 sp=0x000000307d2fd018 mode 2
Event: 5.717 Thread 0x000001749436b6c0 DEOPT PACKING pc=0x00000174800e3b5f sp=0x000000307d2fb6a0
Event: 5.717 Thread 0x000001749436b6c0 DEOPT UNPACKING pc=0x0000017487584e42 sp=0x000000307d2fab38 mode 0

Classes loaded (20 events):
Event: 5.583 Loading class java/util/Collections$2
Event: 5.583 Loading class java/util/Collections$2 done
Event: 5.652 Loading class java/util/function/LongFunction
Event: 5.652 Loading class java/util/function/LongFunction done
Event: 5.673 Loading class java/security/InvalidKeyException
Event: 5.673 Loading class java/security/KeyException
Event: 5.673 Loading class java/security/KeyException done
Event: 5.673 Loading class java/security/InvalidKeyException done
Event: 5.726 Loading class java/util/regex/Pattern$Dollar
Event: 5.726 Loading class java/util/regex/Pattern$Dollar done
Event: 5.732 Loading class java/io/ObjectInputStream
Event: 5.733 Loading class java/io/ObjectInput
Event: 5.733 Loading class java/io/ObjectInput done
Event: 5.733 Loading class java/io/ObjectStreamConstants
Event: 5.733 Loading class java/io/ObjectStreamConstants done
Event: 5.733 Loading class java/io/ObjectInputStream done
Event: 5.733 Loading class java/io/ObjectOutputStream
Event: 5.734 Loading class java/io/ObjectOutput
Event: 5.734 Loading class java/io/ObjectOutput done
Event: 5.734 Loading class java/io/ObjectOutputStream done

Classes unloaded (0 events):
No events

Classes redefined (0 events):
No events

Internal exceptions (20 events):
Event: 5.355 Thread 0x000001749436b6c0 Implicit null exception at 0x0000017487af6c66 to 0x0000017487af6d06
Event: 5.375 Thread 0x000001749436b6c0 Exception <a 'java/lang/NoSuchMethodError'{0x0000000082bbe3d8}: 'int java.lang.invoke.DirectMethodHandle$Holder.invokeStatic(java.lang.Object, java.lang.Object, java.lang.Object, java.lang.Object)'> (0x0000000082bbe3d8) 
thrown [s\src\hotspot\share\interpreter\linkResolver.cpp, line 784]
Event: 5.509 Thread 0x000001749436b6c0 Exception <a 'java/lang/NoSuchMethodError'{0x000000008296dfd8}: 'java.lang.Object java.lang.invoke.DelegatingMethodHandle$Holder.reinvoke_L(java.lang.Object, java.lang.Object, java.lang.Object, java.lang.Object, java.lang.Object, java.lang.Object, java.lang.Object, java.lang.Object, java.lang.Object, java.lang.Object, java.lang.Object, java.lang.Object, java.lang.Object, java.lang.Object, java.lang.Object, java.lang.Object, java.lang.Object, java.lang.Object, java.lang.Object, java.lang.Object, java.lang.O
Event: 5.519 Thread 0x000001749436b6c0 Exception <a 'java/lang/NoSuchMethodError'{0x00000000829da948}: 'java.lang.Object java.lang.invoke.DirectMethodHandle$Holder.invokeStatic(java.lang.Object, java.lang.Object, java.lang.Object, java.lang.Object, java.lang.Object, java.lang.Object, java.lang.Object, java.lang.Object, java.lang.Object, java.lang.Object, java.lang.Object, java.lang.Object, java.lang.Object, java.lang.Object, java.lang.Object, java.lang.Object, java.lang.Object)'> (0x00000000829da948) 
thrown [s\src\hotspot\share\interpreter\lin
Event: 5.522 Thread 0x000001749436b6c0 Exception <a 'java/lang/NoSuchMethodError'{0x00000000828038a0}: 'java.lang.Object java.lang.invoke.DirectMethodHandle$Holder.invokeStatic(java.lang.Object, java.lang.Object, java.lang.Object, java.lang.Object, java.lang.Object, java.lang.Object, java.lang.Object, java.lang.Object, java.lang.Object, java.lang.Object, java.lang.Object, java.lang.Object, java.lang.Object, java.lang.Object, java.lang.Object, java.lang.Object, java.lang.Object, java.lang.Object)'> (0x00000000828038a0) 
thrown [s\src\hotspot\sha
Event: 5.524 Thread 0x000001749436b6c0 Exception <a 'java/lang/NoSuchMethodError'{0x000000008282d350}: 'java.lang.Object java.lang.invoke.DirectMethodHandle$Holder.invokeStatic(java.lang.Object, java.lang.Object, java.lang.Object, java.lang.Object, java.lang.Object, java.lang.Object, java.lang.Object, java.lang.Object, java.lang.Object, java.lang.Object, java.lang.Object, java.lang.Object, java.lang.Object, java.lang.Object, java.lang.Object, java.lang.Object, java.lang.Object, java.lang.Object, java.lang.Object)'> (0x000000008282d350) 
thrown 
Event: 5.526 Thread 0x000001749436b6c0 Exception <a 'java/lang/NoSuchMethodError'{0x0000000082858268}: 'java.lang.Object java.lang.invoke.DirectMethodHandle$Holder.invokeStatic(java.lang.Object, java.lang.Object, java.lang.Object, java.lang.Object, java.lang.Object, java.lang.Object, java.lang.Object, java.lang.Object, java.lang.Object, java.lang.Object, java.lang.Object, java.lang.Object, java.lang.Object, java.lang.Object, java.lang.Object, java.lang.Object, java.lang.Object, java.lang.Object, java.lang.Object, java.lang.Object)'> (0x00000000
Event: 5.534 Thread 0x000001749436b6c0 Exception <a 'java/lang/NoSuchMethodError'{0x0000000082884590}: 'java.lang.Object java.lang.invoke.DirectMethodHandle$Holder.invokeStatic(java.lang.Object, java.lang.Object, java.lang.Object, java.lang.Object, java.lang.Object, java.lang.Object, java.lang.Object, java.lang.Object, java.lang.Object, java.lang.Object, java.lang.Object, java.lang.Object, java.lang.Object, java.lang.Object, java.lang.Object, java.lang.Object, java.lang.Object, java.lang.Object, java.lang.Object, java.lang.Object, java.lang.Obj
Event: 5.536 Thread 0x000001749436b6c0 Exception <a 'java/lang/NoSuchMethodError'{0x00000000828b1720}: 'java.lang.Object java.lang.invoke.DirectMethodHandle$Holder.invokeStatic(java.lang.Object, java.lang.Object, java.lang.Object, java.lang.Object, java.lang.Object, java.lang.Object, java.lang.Object, java.lang.Object, java.lang.Object, java.lang.Object, java.lang.Object, java.lang.Object, java.lang.Object, java.lang.Object, java.lang.Object, java.lang.Object, java.lang.Object, java.lang.Object, java.lang.Object, java.lang.Object, java.lang.Obj
Event: 5.538 Thread 0x000001749436b6c0 Exception <a 'java/lang/NoSuchMethodError'{0x00000000828df360}: 'java.lang.Object java.lang.invoke.DirectMethodHandle$Holder.invokeStatic(java.lang.Object, java.lang.Object, java.lang.Object, java.lang.Object, java.lang.Object, java.lang.Object, java.lang.Object, java.lang.Object, java.lang.Object, java.lang.Object, java.lang.Object, java.lang.Object, java.lang.Object, java.lang.Object, java.lang.Object, java.lang.Object, java.lang.Object, java.lang.Object, java.lang.Object, java.lang.Object, java.lang.Obj
Event: 5.540 Thread 0x000001749436b6c0 Exception <a 'java/lang/NoSuchMethodError'{0x000000008270e618}: 'java.lang.Object java.lang.invoke.DirectMethodHandle$Holder.invokeStatic(java.lang.Object, java.lang.Object, java.lang.Object, java.lang.Object, java.lang.Object, java.lang.Object, java.lang.Object, java.lang.Object, java.lang.Object, java.lang.Object, java.lang.Object, java.lang.Object, java.lang.Object, java.lang.Object, java.lang.Object, java.lang.Object, java.lang.Object, java.lang.Object, java.lang.Object, java.lang.Object, java.lang.Obj
Event: 5.542 Thread 0x000001749436b6c0 Exception <a 'java/lang/NoSuchMethodError'{0x000000008273ddb0}: 'java.lang.Object java.lang.invoke.DirectMethodHandle$Holder.invokeStatic(java.lang.Object, java.lang.Object, java.lang.Object, java.lang.Object, java.lang.Object, java.lang.Object, java.lang.Object, java.lang.Object, java.lang.Object, java.lang.Object, java.lang.Object, java.lang.Object, java.lang.Object, java.lang.Object, java.lang.Object, java.lang.Object, java.lang.Object, java.lang.Object, java.lang.Object, java.lang.Object, java.lang.Obj
Event: 5.544 Thread 0x000001749436b6c0 Exception <a 'java/lang/NoSuchMethodError'{0x000000008276ee08}: 'java.lang.Object java.lang.invoke.DirectMethodHandle$Holder.invokeStatic(java.lang.Object, java.lang.Object, java.lang.Object, java.lang.Object, java.lang.Object, java.lang.Object, java.lang.Object, java.lang.Object, java.lang.Object, java.lang.Object, java.lang.Object, java.lang.Object, java.lang.Object, java.lang.Object, java.lang.Object, java.lang.Object, java.lang.Object, java.lang.Object, java.lang.Object, java.lang.Object, java.lang.Obj
Event: 5.567 Thread 0x000001749436b6c0 Exception <a 'java/lang/IncompatibleClassChangeError'{0x0000000082664be8}: Found class java.lang.Object, but interface was expected> (0x0000000082664be8) 
thrown [s\src\hotspot\share\interpreter\linkResolver.cpp, line 851]
Event: 5.714 Thread 0x000001749436b6c0 Exception <a 'java/lang/IncompatibleClassChangeError'{0x0000000081c350c8}: Found class java.lang.Object, but interface was expected> (0x0000000081c350c8) 
thrown [s\src\hotspot\share\interpreter\linkResolver.cpp, line 851]
Event: 5.720 Thread 0x000001749436b6c0 Exception <a 'java/lang/NoSuchMethodError'{0x0000000081c65c80}: 'java.lang.Object java.lang.invoke.DirectMethodHandle$Holder.newInvokeSpecial(java.lang.Object, java.lang.Object, java.lang.Object, java.lang.Object, java.lang.Object, java.lang.Object, java.lang.Object, java.lang.Object, java.lang.Object, java.lang.Object, java.lang.Object, java.lang.Object, java.lang.Object)'> (0x0000000081c65c80) 
thrown [s\src\hotspot\share\interpreter\linkResolver.cpp, line 784]
Event: 5.720 Thread 0x000001749436b6c0 Exception <a 'java/lang/NoSuchMethodError'{0x0000000081c6b130}: 'java.lang.Object java.lang.invoke.DirectMethodHandle$Holder.invokeSpecial(java.lang.Object, java.lang.Object, java.lang.Object, java.lang.Object, java.lang.Object, java.lang.Object, java.lang.Object, java.lang.Object, java.lang.Object, java.lang.Object, java.lang.Object, java.lang.Object, java.lang.Object, java.lang.Object)'> (0x0000000081c6b130) 
thrown [s\src\hotspot\share\interpreter\linkResolver.cpp, line 784]
Event: 5.721 Thread 0x000001749436b6c0 Exception <a 'java/lang/NoSuchMethodError'{0x0000000081c6f910}: 'java.lang.Object java.lang.invoke.DelegatingMethodHandle$Holder.reinvoke_L(java.lang.Object, java.lang.Object, java.lang.Object, java.lang.Object, java.lang.Object, java.lang.Object, java.lang.Object, java.lang.Object, java.lang.Object, java.lang.Object, java.lang.Object, java.lang.Object, java.lang.Object)'> (0x0000000081c6f910) 
thrown [s\src\hotspot\share\interpreter\linkResolver.cpp, line 784]
Event: 5.738 Thread 0x000001749436b6c0 Exception <a 'java/lang/NoSuchMethodError'{0x0000000081b910b0}: 'java.lang.Object java.lang.invoke.DirectMethodHandle$Holder.newInvokeSpecial(java.lang.Object, java.lang.Object, java.lang.Object, java.lang.Object, java.lang.Object, java.lang.Object, java.lang.Object, java.lang.Object)'> (0x0000000081b910b0) 
thrown [s\src\hotspot\share\interpreter\linkResolver.cpp, line 784]
Event: 5.743 Thread 0x000001749436b6c0 Exception <a 'java/lang/NoSuchMethodError'{0x0000000081be15c8}: 'int java.lang.invoke.DirectMethodHandle$Holder.invokeStaticInit(java.lang.Object, java.lang.Object, java.lang.Object)'> (0x0000000081be15c8) 
thrown [s\src\hotspot\share\interpreter\linkResolver.cpp, line 784]

ZGC Phase Switch (0 events):
No events

VM Operations (20 events):
Event: 4.458 Executing VM operation: ICBufferFull
Event: 4.459 Executing VM operation: ICBufferFull done
Event: 4.607 Executing VM operation: CollectForMetadataAllocation (Metadata GC Threshold)
Event: 4.612 Executing VM operation: CollectForMetadataAllocation (Metadata GC Threshold) done
Event: 4.612 Executing VM operation: CollectForMetadataAllocation (Metadata GC Threshold)
Event: 4.614 Executing VM operation: CollectForMetadataAllocation (Metadata GC Threshold) done
Event: 4.615 Executing VM operation: G1PauseRemark
Event: 4.616 Executing VM operation: G1PauseRemark done
Event: 4.617 Executing VM operation: G1PauseCleanup
Event: 4.619 Executing VM operation: G1PauseCleanup done
Event: 5.007 Executing VM operation: HandshakeAllThreads (Deoptimize)
Event: 5.007 Executing VM operation: HandshakeAllThreads (Deoptimize) done
Event: 5.148 Executing VM operation: HandshakeAllThreads (Deoptimize)
Event: 5.148 Executing VM operation: HandshakeAllThreads (Deoptimize) done
Event: 5.555 Executing VM operation: HandshakeAllThreads (Deoptimize)
Event: 5.555 Executing VM operation: HandshakeAllThreads (Deoptimize) done
Event: 5.556 Executing VM operation: HandshakeAllThreads (Deoptimize)
Event: 5.556 Executing VM operation: HandshakeAllThreads (Deoptimize) done
Event: 5.634 Executing VM operation: ICBufferFull
Event: 5.634 Executing VM operation: ICBufferFull done

Events (20 events):
Event: 3.037 Thread 0x000001749357a490 Thread added: 0x000001749357a490
Event: 3.449 Thread 0x000001749357a490 Thread exited: 0x000001749357a490
Event: 3.499 Loaded shared library C:\Program Files\Android\Android Studio\jbr\bin\management.dll
Event: 3.507 Loaded shared library C:\Program Files\Android\Android Studio\jbr\bin\management_ext.dll
Event: 3.596 Thread 0x00000174fe845680 Thread added: 0x00000174fe845680
Event: 3.814 Loaded shared library C:\Program Files\Android\Android Studio\jbr\bin\extnet.dll
Event: 3.887 Thread 0x00000174fe844960 Thread added: 0x00000174fe844960
Event: 4.079 Thread 0x00000174fe8463a0 Thread added: 0x00000174fe8463a0
Event: 4.187 Thread 0x00000174fe843c40 Thread added: 0x00000174fe843c40
Event: 4.212 Thread 0x00000174fe8470c0 Thread added: 0x00000174fe8470c0
Event: 4.322 Thread 0x000001749436c3e0 Thread added: 0x000001749436c3e0
Event: 4.367 Thread 0x000001749436b6c0 Thread added: 0x000001749436b6c0
Event: 4.440 Thread 0x000001749436bd50 Thread added: 0x000001749436bd50
Event: 4.445 Thread 0x000001749367bb10 Thread exited: 0x000001749367bb10
Event: 4.449 Thread 0x0000017494367520 Thread added: 0x0000017494367520
Event: 4.456 Thread 0x000001749436ca70 Thread added: 0x000001749436ca70
Event: 5.148 Thread 0x0000017494369c80 Thread added: 0x0000017494369c80
Event: 5.165 Thread 0x000001749436d100 Thread added: 0x000001749436d100
Event: 5.217 Thread 0x0000017494366800 Thread added: 0x0000017494366800
Event: 5.474 Thread 0x0000017494eb7c00 Thread added: 0x0000017494eb7c00


Dynamic libraries:
0x00007ff61b6e0000 - 0x00007ff61b6ea000 	C:\Program Files\Android\Android Studio\jbr\bin\java.exe
0x00007ffbff010000 - 0x00007ffbff227000 	C:\WINDOWS\SYSTEM32\ntdll.dll
0x00007ffbfd720000 - 0x00007ffbfd7e4000 	C:\WINDOWS\System32\KERNEL32.DLL
0x00007ffbfc5b0000 - 0x00007ffbfc969000 	C:\WINDOWS\System32\KERNELBASE.dll
0x00007ffbf3e50000 - 0x00007ffbf3ee7000 	C:\WINDOWS\SYSTEM32\apphelp.dll
0x00007ffbfc430000 - 0x00007ffbfc541000 	C:\WINDOWS\System32\ucrtbase.dll
0x00007ffbf3fc0000 - 0x00007ffbf3fd8000 	C:\Program Files\Android\Android Studio\jbr\bin\jli.dll
0x00007ffbf4730000 - 0x00007ffbf474b000 	C:\Program Files\Android\Android Studio\jbr\bin\VCRUNTIME140.dll
0x00007ffbfd3a0000 - 0x00007ffbfd54e000 	C:\WINDOWS\System32\USER32.dll
0x00007ffbfc580000 - 0x00007ffbfc5a6000 	C:\WINDOWS\System32\win32u.dll
0x00007ffbe2b60000 - 0x00007ffbe2df2000 	C:\WINDOWS\WinSxS\amd64_microsoft.windows.common-controls_6595b64144ccf1df_6.0.22621.4391_none_2715d37f73803e96\COMCTL32.dll
0x00007ffbfd800000 - 0x00007ffbfd829000 	C:\WINDOWS\System32\GDI32.dll
0x00007ffbfc310000 - 0x00007ffbfc42b000 	C:\WINDOWS\System32\gdi32full.dll
0x00007ffbfd670000 - 0x00007ffbfd717000 	C:\WINDOWS\System32\msvcrt.dll
0x00007ffbfcb50000 - 0x00007ffbfcbea000 	C:\WINDOWS\System32\msvcp_win.dll
0x00007ffbfd110000 - 0x00007ffbfd141000 	C:\WINDOWS\System32\IMM32.DLL
0x00007ffbf4780000 - 0x00007ffbf478c000 	C:\Program Files\Android\Android Studio\jbr\bin\vcruntime140_1.dll
0x00007ffbb4c90000 - 0x00007ffbb4d1d000 	C:\Program Files\Android\Android Studio\jbr\bin\msvcp140.dll
0x00007ffb7a4f0000 - 0x00007ffb7b16d000 	C:\Program Files\Android\Android Studio\jbr\bin\server\jvm.dll
0x00007ffbfe7e0000 - 0x00007ffbfe892000 	C:\WINDOWS\System32\ADVAPI32.dll
0x00007ffbfddb0000 - 0x00007ffbfde57000 	C:\WINDOWS\System32\sechost.dll
0x00007ffbfc550000 - 0x00007ffbfc578000 	C:\WINDOWS\System32\bcrypt.dll
0x00007ffbfd550000 - 0x00007ffbfd664000 	C:\WINDOWS\System32\RPCRT4.dll
0x00007ffbfcdc0000 - 0x00007ffbfce31000 	C:\WINDOWS\System32\WS2_32.dll
0x00007ffbfb1a0000 - 0x00007ffbfb1ed000 	C:\WINDOWS\SYSTEM32\POWRPROF.dll
0x00007ffbf4110000 - 0x00007ffbf4144000 	C:\WINDOWS\SYSTEM32\WINMM.dll
0x00007ffbf1960000 - 0x00007ffbf196a000 	C:\WINDOWS\SYSTEM32\VERSION.dll
0x00007ffbfb180000 - 0x00007ffbfb193000 	C:\WINDOWS\SYSTEM32\UMPDC.dll
0x00007ffbfb440000 - 0x00007ffbfb458000 	C:\WINDOWS\SYSTEM32\kernel.appcore.dll
0x00007ffbf4720000 - 0x00007ffbf472a000 	C:\Program Files\Android\Android Studio\jbr\bin\jimage.dll
0x00007ffbf9de0000 - 0x00007ffbfa012000 	C:\WINDOWS\SYSTEM32\DBGHELP.DLL
0x00007ffbfd8c0000 - 0x00007ffbfdc4f000 	C:\WINDOWS\System32\combase.dll
0x00007ffbfcf00000 - 0x00007ffbfcfd7000 	C:\WINDOWS\System32\OLEAUT32.dll
0x00007ffbe5fc0000 - 0x00007ffbe5ff2000 	C:\WINDOWS\SYSTEM32\dbgcore.DLL
0x00007ffbfccb0000 - 0x00007ffbfcd2b000 	C:\WINDOWS\System32\bcryptPrimitives.dll
0x00007ffbe81e0000 - 0x00007ffbe81ee000 	C:\Program Files\Android\Android Studio\jbr\bin\instrument.dll
0x00007ffbf4300000 - 0x00007ffbf431f000 	C:\Program Files\Android\Android Studio\jbr\bin\java.dll
0x00007ffbf42e0000 - 0x00007ffbf42f8000 	C:\Program Files\Android\Android Studio\jbr\bin\zip.dll
0x00007ffbfdf60000 - 0x00007ffbfe7d6000 	C:\WINDOWS\System32\SHELL32.dll
0x00007ffbfa260000 - 0x00007ffbfab63000 	C:\WINDOWS\SYSTEM32\windows.storage.dll
0x00007ffbfa120000 - 0x00007ffbfa25f000 	C:\WINDOWS\SYSTEM32\wintypes.dll
0x00007ffbfe8a0000 - 0x00007ffbfe999000 	C:\WINDOWS\System32\SHCORE.dll
0x00007ffbfcea0000 - 0x00007ffbfcefe000 	C:\WINDOWS\System32\shlwapi.dll
0x00007ffbfc240000 - 0x00007ffbfc26b000 	C:\WINDOWS\SYSTEM32\profapi.dll
0x00007ffbf46a0000 - 0x00007ffbf46b0000 	C:\Program Files\Android\Android Studio\jbr\bin\net.dll
0x00007ffbf57d0000 - 0x00007ffbf5906000 	C:\WINDOWS\SYSTEM32\WINHTTP.dll
0x00007ffbfb8c0000 - 0x00007ffbfb929000 	C:\WINDOWS\system32\mswsock.dll
0x00007ffbf3850000 - 0x00007ffbf3866000 	C:\Program Files\Android\Android Studio\jbr\bin\nio.dll
0x00007ffbe81f0000 - 0x00007ffbe8200000 	C:\Program Files\Android\Android Studio\jbr\bin\verify.dll
0x00007ffbd46b0000 - 0x00007ffbd46d7000 	C:\Users\User\.gradle\native\c067742578af261105cb4f569cf0c3c89f3d7b1fecec35dd04571415982c5e48\windows-amd64\native-platform.dll
0x00007ffba62f0000 - 0x00007ffba6434000 	C:\Users\User\.gradle\native\100fb08df4bc3b14c8652ba06237920a3bd2aa13389f12d3474272988ae205f9\windows-amd64\native-platform-file-events.dll
0x00007ffbf1e80000 - 0x00007ffbf1e89000 	C:\Program Files\Android\Android Studio\jbr\bin\management.dll
0x00007ffbf1cc0000 - 0x00007ffbf1ccb000 	C:\Program Files\Android\Android Studio\jbr\bin\management_ext.dll
0x00007ffbfd8b0000 - 0x00007ffbfd8b8000 	C:\WINDOWS\System32\PSAPI.DLL
0x00007ffbfbb10000 - 0x00007ffbfbb2b000 	C:\WINDOWS\SYSTEM32\CRYPTSP.dll
0x00007ffbfb3a0000 - 0x00007ffbfb3d5000 	C:\WINDOWS\system32\rsaenh.dll
0x00007ffbfb9b0000 - 0x00007ffbfb9d8000 	C:\WINDOWS\SYSTEM32\USERENV.dll
0x00007ffbfbb30000 - 0x00007ffbfbb3c000 	C:\WINDOWS\SYSTEM32\CRYPTBASE.dll
0x00007ffbfae80000 - 0x00007ffbfaead000 	C:\WINDOWS\SYSTEM32\IPHLPAPI.DLL
0x00007ffbfd180000 - 0x00007ffbfd189000 	C:\WINDOWS\System32\NSI.dll
0x00007ffbf4680000 - 0x00007ffbf4689000 	C:\Program Files\Android\Android Studio\jbr\bin\extnet.dll
0x00007ffbc55f0000 - 0x00007ffbc55f8000 	C:\WINDOWS\system32\wshunix.dll

dbghelp: loaded successfully - version: 4.0.5 - missing functions: none
symbol engine: initialized successfully - sym options: 0x614 - pdb path: .;C:\Program Files\Android\Android Studio\jbr\bin;C:\WINDOWS\SYSTEM32;C:\WINDOWS\WinSxS\amd64_microsoft.windows.common-controls_6595b64144ccf1df_6.0.22621.4391_none_2715d37f73803e96;C:\Program Files\Android\Android Studio\jbr\bin\server;C:\Users\User\.gradle\native\c067742578af261105cb4f569cf0c3c89f3d7b1fecec35dd04571415982c5e48\windows-amd64;C:\Users\User\.gradle\native\100fb08df4bc3b14c8652ba06237920a3bd2aa13389f12d3474272988ae205f9\windows-amd64

VM Arguments:
jvm_args: --add-opens=java.base/java.util=ALL-UNNAMED --add-opens=java.base/java.lang=ALL-UNNAMED --add-opens=java.base/java.lang.invoke=ALL-UNNAMED --add-opens=java.prefs/java.util.prefs=ALL-UNNAMED --add-exports=jdk.compiler/com.sun.tools.javac.api=ALL-UNNAMED --add-exports=jdk.compiler/com.sun.tools.javac.util=ALL-UNNAMED --add-opens=java.base/java.nio.charset=ALL-UNNAMED --add-opens=java.base/java.net=ALL-UNNAMED --add-opens=java.base/java.util.concurrent.atomic=ALL-UNNAMED -Xmx2048m -Dfile.encoding=UTF-8 -Duser.country=RU -Duser.language=ru -Duser.variant -javaagent:C:\Users\User\.gradle\wrapper\dists\gradle-8.9-bin\90cnw93cvbtalezasaz0blq0a\gradle-8.9\lib\agents\gradle-instrumentation-agent-8.9.jar 
java_command: org.gradle.launcher.daemon.bootstrap.GradleDaemon 8.9
java_class_path (initial): C:\Users\User\.gradle\wrapper\dists\gradle-8.9-bin\90cnw93cvbtalezasaz0blq0a\gradle-8.9\lib\gradle-daemon-main-8.9.jar
Launcher Type: SUN_STANDARD

[Global flags]
     intx CICompilerCount                          = 4                                         {product} {ergonomic}
     uint ConcGCThreads                            = 3                                         {product} {ergonomic}
     uint G1ConcRefinementThreads                  = 10                                        {product} {ergonomic}
   size_t G1HeapRegionSize                         = 1048576                                   {product} {ergonomic}
    uintx GCDrainStackTargetSize                   = 64                                        {product} {ergonomic}
   size_t InitialHeapSize                          = 264241152                                 {product} {ergonomic}
   size_t MarkStackSize                            = 4194304                                   {product} {ergonomic}
   size_t MaxHeapSize                              = 2147483648                                {product} {command line}
   size_t MaxNewSize                               = 1287651328                                {product} {ergonomic}
   size_t MinHeapDeltaBytes                        = 1048576                                   {product} {ergonomic}
   size_t MinHeapSize                              = 8388608                                   {product} {ergonomic}
    uintx NonNMethodCodeHeapSize                   = 5839372                                {pd product} {ergonomic}
    uintx NonProfiledCodeHeapSize                  = 122909434                              {pd product} {ergonomic}
    uintx ProfiledCodeHeapSize                     = 122909434                              {pd product} {ergonomic}
    uintx ReservedCodeCacheSize                    = 251658240                              {pd product} {ergonomic}
     bool SegmentedCodeCache                       = true                                      {product} {ergonomic}
   size_t SoftMaxHeapSize                          = 2147483648                             {manageable} {ergonomic}
     bool UseCompressedOops                        = true                           {product lp64_product} {ergonomic}
     bool UseG1GC                                  = true                                      {product} {ergonomic}
     bool UseLargePagesIndividualAllocation        = false                                  {pd product} {ergonomic}

Logging:
Log output configuration:
 #0: stdout all=warning uptime,level,tags foldmultilines=false
 #1: stderr all=off uptime,level,tags foldmultilines=false

Environment Variables:
PATH=C:\Program Files (x86)\Common Files\Oracle\Java\java8path;C:\Program Files (x86)\Common Files\Oracle\Java\javapath;C:\Users\User\AppData\Local\Programs\Python\Python310\Scripts\;C:\Users\User\AppData\Local\Programs\Python\Python310\;C:\Program Files\Python310\Scripts\;C:\Program Files\Python310\;C:\Windows\system32;C:\Windows;C:\Windows\System32\Wbem;C:\Windows\System32\WindowsPowerShell\v1.0\;C:\Windows\System32\OpenSSH\;C:\Program Files (x86)\NVIDIA Corporation\PhysX\Common;C:\WINDOWS\system32;C:\WINDOWS;C:\WINDOWS\System32\Wbem;C:\WINDOWS\System32\WindowsPowerShell\v1.0\;C:\WINDOWS\System32\OpenSSH\;C:\Program Files\Git\cmd;C:\Users\User\AppData\Local\Microsoft\WindowsApps;C:\Program Files\JetBrains\PyCharm Community Edition 2023.2.4\bin;;C:\Program Files\JetBrains\PyCharm 2023.2.4\bin;;C:\Program Files\JetBrains\IntelliJ IDEA Community Edition 2023.3.2\bin;;C:\Users\User\Desktop\tdiu2\heppy\flutter\bin;C:\ProgramData\User\GitHubDesktop\bin;C:\Users\User\AppData\Local\Programs\Microsoft VS Code\bin;C:\Users\User\AppData\Local\GitHubDesktop\bin;C:\Users\User\IntelliJ IDEA 2024.1.3\bin;;C:\src\flutter\bin;
USERNAME=User
OS=Windows_NT
PROCESSOR_IDENTIFIER=Intel64 Family 6 Model 154 Stepping 3, GenuineIntel
TMP=C:\Users\User\AppData\Local\Temp
TEMP=C:\Users\User\AppData\Local\Temp




Periodic native trim disabled

JNI global refs:
JNI global refs: 24, weak refs: 0

JNI global refs memory usage: 835, weak refs: 833

Process memory usage:
Resident Set Size: 198760K (1% of 16437376K total physical memory with 1957200K free physical memory)

OOME stack traces (most recent first):
Classloader memory used:
Loader bootstrap                                                                       : 16366K
Loader org.gradle.internal.classloader.VisitableURLClassLoader                         : 10956K
Loader org.gradle.initialization.MixInLegacyTypesClassLoader                           : 1323K
Loader jdk.internal.loader.ClassLoaders$AppClassLoader                                 : 230K
Loader jdk.internal.loader.ClassLoaders$PlatformClassLoader                            : 146K

Classes loaded by more than one classloader:
Class org.gradle.internal.classloader.FilteringClassLoader                            : loaded 2 times (x 102B)
Class org.gradle.internal.classloader.ClassLoaderHierarchy                            : loaded 2 times (x 67B)
Class org.gradle.api.internal.classpath.ManifestUtil                                  : loaded 2 times (x 68B)
Class org.gradle.internal.classloader.DefaultClassLoaderFactory                       : loaded 2 times (x 79B)
Class org.gradle.internal.classloader.ClassLoaderVisitor                              : loaded 2 times (x 73B)
Class org.gradle.api.internal.classpath.EffectiveClassPath                            : loaded 2 times (x 87B)
Class org.gradle.api.internal.DefaultClassPathProvider                                : loaded 2 times (x 73B)
Class [Lorg.gradle.api.internal.ClassPathProvider;                                    : loaded 2 times (x 66B)
Class org.gradle.api.internal.ClassPathProvider                                       : loaded 2 times (x 67B)
Class org.gradle.internal.service.UnknownServiceException                             : loaded 2 times (x 80B)
Class org.gradle.internal.classpath.TransformedClassPath                              : loaded 2 times (x 93B)
Class org.gradle.internal.service.ServiceLocator                                      : loaded 2 times (x 67B)
Class org.gradle.internal.InternalTransformer                                         : loaded 2 times (x 67B)
Class org.gradle.internal.classloader.ClasspathUtil$1                                 : loaded 2 times (x 73B)
Class org.gradle.api.internal.classpath.DefaultModuleRegistry$DefaultModule           : loaded 2 times (x 83B)
Class org.gradle.api.internal.classpath.Module                                        : loaded 2 times (x 67B)
Class org.gradle.api.internal.classpath.UnknownModuleException                        : loaded 2 times (x 79B)
Class org.gradle.api.internal.DefaultClassPathRegistry                                : loaded 2 times (x 73B)
Class org.gradle.api.internal.ClassPathRegistry                                       : loaded 2 times (x 67B)
Class org.gradle.internal.classpath.DefaultClassPath$ImmutableUniqueList              : loaded 2 times (x 196B)
Class org.gradle.internal.classpath.ClassPath                                         : loaded 2 times (x 67B)
Class org.gradle.api.UncheckedIOException                                             : loaded 2 times (x 79B)
Class org.gradle.internal.installation.GradleInstallation$1                           : loaded 2 times (x 72B)
Class org.gradle.api.internal.classpath.ModuleRegistry                                : loaded 2 times (x 67B)
Class org.gradle.api.internal.classpath.DefaultModuleRegistry                         : loaded 2 times (x 80B)
Class org.gradle.internal.service.ServiceLookupException                              : loaded 2 times (x 79B)
Class org.gradle.internal.classloader.ClassLoaderFactory                              : loaded 2 times (x 67B)
Class org.gradle.internal.service.CachingServiceLocator                               : loaded 2 times (x 79B)
Class org.gradle.internal.classloader.ClasspathUtil                                   : loaded 2 times (x 68B)
Class org.gradle.api.specs.Spec                                                       : loaded 2 times (x 67B)
Class org.gradle.internal.classloader.VisitableURLClassLoader$InstrumentingVisitableURLClassLoader: loaded 2 times (x 120B)
Class org.gradle.internal.classloader.VisitableURLClassLoader$Spec                    : loaded 2 times (x 71B)
Class org.gradle.internal.classpath.DefaultClassPath                                  : loaded 2 times (x 87B)
Class org.gradle.internal.classloader.ClassLoaderSpec                                 : loaded 2 times (x 68B)
Class org.gradle.internal.classloader.VisitableURLClassLoader                         : loaded 2 times (x 114B)
Class org.gradle.internal.Cast                                                        : loaded 2 times (x 68B)
Class org.gradle.api.Action                                                           : loaded 2 times (x 67B)
Class org.gradle.internal.agents.InstrumentingClassLoader                             : loaded 2 times (x 67B)
Class org.gradle.internal.classpath.DefaultClassPath$ImmutableUniqueList$Builder      : loaded 2 times (x 72B)
Class org.gradle.api.GradleException                                                  : loaded 2 times (x 79B)
Class org.gradle.internal.IoActions                                                   : loaded 2 times (x 68B)
Class org.gradle.internal.classloader.SystemClassLoaderSpec                           : loaded 2 times (x 68B)
Class org.gradle.internal.installation.CurrentGradleInstallationLocator               : loaded 2 times (x 68B)
Class org.gradle.internal.service.DefaultServiceLocator                               : loaded 2 times (x 80B)
Class org.gradle.internal.installation.CurrentGradleInstallation                      : loaded 2 times (x 70B)
Class org.gradle.util.internal.GUtil                                                  : loaded 2 times (x 68B)
Class org.gradle.internal.installation.GradleInstallation                             : loaded 2 times (x 72B)

---------------  S Y S T E M  ---------------

OS:
 Windows 11 , 64 bit Build 22621 (10.0.22621.4391)
OS uptime: 6 days 23:35 hours

CPU: total 12 (initial active 12) (6 cores per cpu, 2 threads per core) family 6 model 154 stepping 3 microcode 0x432, cx8, cmov, fxsr, ht, mmx, 3dnowpref, sse, sse2, sse3, ssse3, sse4.1, sse4.2, popcnt, lzcnt, tsc, tscinvbit, avx, avx2, aes, erms, clmul, bmi1, bmi2, adx, sha, fma, vzeroupper, clflush, clflushopt, clwb, serialize, rdtscp, rdpid, fsrm, f16c, pku, cet_ibt, cet_ss
Processor Information for processor 0
  Max Mhz: 2000, Current Mhz: 2000, Mhz Limit: 2000
Processor Information for processor 1
  Max Mhz: 2000, Current Mhz: 2000, Mhz Limit: 2000
Processor Information for processor 2
  Max Mhz: 2000, Current Mhz: 2000, Mhz Limit: 2000
Processor Information for processor 3
  Max Mhz: 2000, Current Mhz: 2000, Mhz Limit: 2000
Processor Information for processor 4
  Max Mhz: 2000, Current Mhz: 2000, Mhz Limit: 2000
Processor Information for processor 5
  Max Mhz: 2000, Current Mhz: 2000, Mhz Limit: 2000
Processor Information for processor 6
  Max Mhz: 2000, Current Mhz: 2000, Mhz Limit: 2000
Processor Information for processor 7
  Max Mhz: 2000, Current Mhz: 2000, Mhz Limit: 2000
Processor Information for processor 8
  Max Mhz: 2000, Current Mhz: 1500, Mhz Limit: 1500
Processor Information for processor 9
  Max Mhz: 2000, Current Mhz: 1500, Mhz Limit: 1500
Processor Information for processor 10
  Max Mhz: 2000, Current Mhz: 1500, Mhz Limit: 1500
Processor Information for processor 11
  Max Mhz: 2000, Current Mhz: 1500, Mhz Limit: 1500

Memory: 4k page, system-wide physical 16052M (1911M free)
TotalPageFile size 65204M (AvailPageFile size 5M)
current process WorkingSet (physical memory assigned to process): 195M, peak: 195M
current process commit charge ("private bytes"): 255M, peak: 384M

vm_info: OpenJDK 64-Bit Server VM (21.0.3+-12282718-b509.11) for windows-amd64 JRE (21.0.3+-12282718-b509.11), built on 2024-08-27T17:34:15Z by "builder" with MS VC++ 16.10 / 16.11 (VS2019)

END.
